<?xml version="1.0" encoding="UTF-8"?>
<testsuite hostname="LDALmac40V8JG5M" name="cucumber.api.testng.AbstractTestNGCucumberTests" tests="5" failures="0" timestamp="28 Dec 2018 18:47:27 GMT" time="79.447" errors="0">
  <testcase name="feature" time="53.7" classname="CucumberOptions.TestRunner"/>
  <testcase name="feature" time="4.692" classname="CucumberOptions.TestRunner"/>
  <testcase name="feature" time="3.045" classname="CucumberOptions.TestRunner"/>
  <testcase name="feature" time="6.287" classname="CucumberOptions.TestRunner"/>
  <testcase name="feature" time="11.205" classname="CucumberOptions.TestRunner"/>
</testsuite>
