<?xml version="1.0" encoding="UTF-8"?>
<testng-results skipped="0" failed="0" total="6" passed="6">
  <reporter-output>
  </reporter-output>
  <suite name="Suite" duration-ms="23885" started-at="2019-01-02T17:17:58Z" finished-at="2019-01-02T17:18:22Z">
    <groups>
      <group name="cucumber">
        <method signature="cucumber.api.testng.AbstractTestNGCucumberTests.feature(cucumber.api.testng.CucumberFeatureWrapper)" name="feature" class="cucumber.api.testng.AbstractTestNGCucumberTests"/>
      </group>
    </groups>
    <test name="Test Validating APIs for VCDA controllers" duration-ms="23885" started-at="2019-01-02T17:17:58Z" finished-at="2019-01-02T17:18:22Z">
      <class name="CucumberOptions.TestRunner">
        <test-method status="PASS" signature="setUpClass()" name="setUpClass" is-config="true" duration-ms="144" started-at="2019-01-02T17:17:58Z" finished-at="2019-01-02T17:17:58Z">
        </test-method>
        <test-method status="PASS" signature="feature(cucumber.api.testng.CucumberFeatureWrapper)" name="feature" duration-ms="4865" started-at="2019-01-02T17:17:58Z" description="Runs Cucumber Feature" finished-at="2019-01-02T17:18:03Z">
          <params>
            <param index="0">
              <value>
                <![CDATA[Equipment Controller Test]]>
              </value>
            </param>
          </params>
        </test-method>
        <test-method status="PASS" signature="feature(cucumber.api.testng.CucumberFeatureWrapper)" name="feature" duration-ms="1166" started-at="2019-01-02T17:18:03Z" description="Runs Cucumber Feature" finished-at="2019-01-02T17:18:04Z">
          <params>
            <param index="0">
              <value>
                <![CDATA[Equipment Controller Test]]>
              </value>
            </param>
          </params>
        </test-method>
        <test-method status="PASS" signature="feature(cucumber.api.testng.CucumberFeatureWrapper)" name="feature" duration-ms="4362" started-at="2019-01-02T17:18:04Z" description="Runs Cucumber Feature" finished-at="2019-01-02T17:18:08Z">
          <params>
            <param index="0">
              <value>
                <![CDATA[incentives Controller Test]]>
              </value>
            </param>
          </params>
        </test-method>
        <test-method status="PASS" signature="feature(cucumber.api.testng.CucumberFeatureWrapper)" name="feature" duration-ms="2852" started-at="2019-01-02T17:18:08Z" description="Runs Cucumber Feature" finished-at="2019-01-02T17:18:11Z">
          <params>
            <param index="0">
              <value>
                <![CDATA[Price Controller Test]]>
              </value>
            </param>
          </params>
        </test-method>
        <test-method status="PASS" signature="feature(cucumber.api.testng.CucumberFeatureWrapper)" name="feature" duration-ms="5598" started-at="2019-01-02T17:18:11Z" description="Runs Cucumber Feature" finished-at="2019-01-02T17:18:17Z">
          <params>
            <param index="0">
              <value>
                <![CDATA[Vehicle (V2) Controller Test]]>
              </value>
            </param>
          </params>
        </test-method>
        <test-method status="PASS" signature="feature(cucumber.api.testng.CucumberFeatureWrapper)" name="feature" duration-ms="4619" started-at="2019-01-02T17:18:17Z" description="Runs Cucumber Feature" finished-at="2019-01-02T17:18:21Z">
          <params>
            <param index="0">
              <value>
                <![CDATA[Vehicle (V2) Controller Test]]>
              </value>
            </param>
          </params>
        </test-method>
        <test-method status="PASS" signature="tearDownClass()" name="tearDownClass" is-config="true" duration-ms="202" started-at="2019-01-02T17:18:21Z" finished-at="2019-01-02T17:18:22Z">
        </test-method>
      </class>
    </test>
  </suite>
</testng-results>
